Determining if the pthread_create exist failed with the following output:
Change Dir: /home/juyeb/catkin_ws/src/rm_mapping/build/CMakeFiles/CMakeTmp

Run Build Command:"/usr/bin/make" "cmTC_1b3da/fast"
/usr/bin/make -f CMakeFiles/cmTC_1b3da.dir/build.make CMakeFiles/cmTC_1b3da.dir/build
make[1]: Entering directory '/home/juyeb/catkin_ws/src/rm_mapping/build/CMakeFiles/CMakeTmp'
Building C object CMakeFiles/cmTC_1b3da.dir/CheckSymbolExists.c.o
/usr/bin/cc   -Wall  -O3 -march=native     -o CMakeFiles/cmTC_1b3da.dir/CheckSymbolExists.c.o   -c /home/juyeb/catkin_ws/src/rm_mapping/build/CMakeFiles/CMakeTmp/CheckSymbolExists.c
Linking C executable cmTC_1b3da
/usr/bin/cmake -E cmake_link_script CMakeFiles/cmTC_1b3da.dir/link.txt --verbose=1
/usr/bin/cc   -Wall  -O3 -march=native      -rdynamic CMakeFiles/cmTC_1b3da.dir/CheckSymbolExists.c.o  -o cmTC_1b3da 
CMakeFiles/cmTC_1b3da.dir/CheckSymbolExists.c.o: In function `main':
CheckSymbolExists.c:(.text.startup+0x3): undefined reference to `pthread_create'
collect2: error: ld returned 1 exit status
CMakeFiles/cmTC_1b3da.dir/build.make:97: recipe for target 'cmTC_1b3da' failed
make[1]: *** [cmTC_1b3da] Error 1
make[1]: Leaving directory '/home/juyeb/catkin_ws/src/rm_mapping/build/CMakeFiles/CMakeTmp'
Makefile:126: recipe for target 'cmTC_1b3da/fast' failed
make: *** [cmTC_1b3da/fast] Error 2

File /home/juyeb/catkin_ws/src/rm_mapping/build/CMakeFiles/CMakeTmp/CheckSymbolExists.c:
/* */
#include <pthread.h>

int main(int argc, char** argv)
{
  (void)argv;
#ifndef pthread_create
  return ((int*)(&pthread_create))[argc];
#else
  (void)argc;
  return 0;
#endif
}

Determining if the function pthread_create exists in the pthreads failed with the following output:
Change Dir: /home/juyeb/catkin_ws/src/rm_mapping/build/CMakeFiles/CMakeTmp

Run Build Command:"/usr/bin/make" "cmTC_9abe0/fast"
/usr/bin/make -f CMakeFiles/cmTC_9abe0.dir/build.make CMakeFiles/cmTC_9abe0.dir/build
make[1]: Entering directory '/home/juyeb/catkin_ws/src/rm_mapping/build/CMakeFiles/CMakeTmp'
Building C object CMakeFiles/cmTC_9abe0.dir/CheckFunctionExists.c.o
/usr/bin/cc   -Wall  -O3 -march=native  -DCHECK_FUNCTION_EXISTS=pthread_create   -o CMakeFiles/cmTC_9abe0.dir/CheckFunctionExists.c.o   -c /usr/share/cmake-3.10/Modules/CheckFunctionExists.c
Linking C executable cmTC_9abe0
/usr/bin/cmake -E cmake_link_script CMakeFiles/cmTC_9abe0.dir/link.txt --verbose=1
/usr/bin/cc   -Wall  -O3 -march=native  -DCHECK_FUNCTION_EXISTS=pthread_create    -rdynamic CMakeFiles/cmTC_9abe0.dir/CheckFunctionExists.c.o  -o cmTC_9abe0 -lpthreads 
/usr/bin/ld: cannot find -lpthreads
collect2: error: ld returned 1 exit status
CMakeFiles/cmTC_9abe0.dir/build.make:97: recipe for target 'cmTC_9abe0' failed
make[1]: *** [cmTC_9abe0] Error 1
make[1]: Leaving directory '/home/juyeb/catkin_ws/src/rm_mapping/build/CMakeFiles/CMakeTmp'
Makefile:126: recipe for target 'cmTC_9abe0/fast' failed
make: *** [cmTC_9abe0/fast] Error 2


